<?xml version="1.0" encoding="UTF-8"?>
<testng-results skipped="0" failed="0" ignored="0" total="1" passed="1">
  <reporter-output>
  </reporter-output>
  <suite name="Default suite" duration-ms="12623" started-at="2018-08-21T10:49:14Z" finished-at="2018-08-21T10:49:26Z">
    <groups>
    </groups>
    <test name="Default test" duration-ms="12623" started-at="2018-08-21T10:49:14Z" finished-at="2018-08-21T10:49:26Z">
      <class name="Testfile.FBLoginTest">
        <test-method status="PASS" signature="initialize()[pri:0, instance:Testfile.FBLoginTest@d2cc05a]" name="initialize" is-config="true" duration-ms="4576" started-at="2018-08-21T16:19:09Z" finished-at="2018-08-21T16:19:14Z">
          <reporter-output>
          </reporter-output>
        </test-method> <!-- initialize -->
        <test-method status="PASS" signature="init()[pri:0, instance:Testfile.FBLoginTest@d2cc05a]" name="init" duration-ms="12589" started-at="2018-08-21T16:19:14Z" finished-at="2018-08-21T16:19:26Z">
          <reporter-output>
          </reporter-output>
        </test-method> <!-- init -->
        <test-method status="PASS" signature="TeardownTest()[pri:0, instance:Testfile.FBLoginTest@d2cc05a]" name="TeardownTest" is-config="true" duration-ms="156" started-at="2018-08-21T16:19:31Z" finished-at="2018-08-21T16:19:31Z">
          <reporter-output>
          </reporter-output>
        </test-method> <!-- TeardownTest -->
      </class> <!-- Testfile.FBLoginTest -->
    </test> <!-- Default test -->
  </suite> <!-- Default suite -->
</testng-results>
